  Source.c
C:\Users\64272\Documents\uni\uni stuff yr 2\comp612graphics\612graphics_repos\projectstuff\animation\snowman_project\snowman_v1\Source.c(133,37): warning C4305: 'initializing': truncation from 'double' to 'GLfloat'
C:\Users\64272\Documents\uni\uni stuff yr 2\comp612graphics\612graphics_repos\projectstuff\animation\snowman_project\snowman_v1\Source.c(287,8): warning C4244: 'function': conversion from 'time_t' to 'unsigned int', possible loss of data
C:\Users\64272\Documents\uni\uni stuff yr 2\comp612graphics\612graphics_repos\projectstuff\animation\snowman_project\snowman_v1\Source.c(376,77): warning C4244: '=': conversion from 'double' to 'float', possible loss of data
C:\Users\64272\Documents\uni\uni stuff yr 2\comp612graphics\612graphics_repos\projectstuff\animation\snowman_project\snowman_v1\Source.c(378,74): warning C4244: '=': conversion from 'double' to 'float', possible loss of data
C:\Users\64272\Documents\uni\uni stuff yr 2\comp612graphics\612graphics_repos\projectstuff\animation\snowman_project\snowman_v1\Source.c(379,98): warning C4244: '=': conversion from 'double' to 'float', possible loss of data
C:\Users\64272\Documents\uni\uni stuff yr 2\comp612graphics\612graphics_repos\projectstuff\animation\snowman_project\snowman_v1\Source.c(445,25): warning C4305: 'function': truncation from 'double' to 'GLfloat'
C:\Users\64272\Documents\uni\uni stuff yr 2\comp612graphics\612graphics_repos\projectstuff\animation\snowman_project\snowman_v1\Source.c(445,40): warning C4305: 'function': truncation from 'double' to 'GLfloat'
C:\Users\64272\Documents\uni\uni stuff yr 2\comp612graphics\612graphics_repos\projectstuff\animation\snowman_project\snowman_v1\Source.c(445,55): warning C4305: 'function': truncation from 'double' to 'GLfloat'
C:\Users\64272\Documents\uni\uni stuff yr 2\comp612graphics\612graphics_repos\projectstuff\animation\snowman_project\snowman_v1\Source.c(452,25): warning C4305: 'function': truncation from 'double' to 'GLfloat'
C:\Users\64272\Documents\uni\uni stuff yr 2\comp612graphics\612graphics_repos\projectstuff\animation\snowman_project\snowman_v1\Source.c(452,40): warning C4305: 'function': truncation from 'double' to 'GLfloat'
C:\Users\64272\Documents\uni\uni stuff yr 2\comp612graphics\612graphics_repos\projectstuff\animation\snowman_project\snowman_v1\Source.c(452,55): warning C4305: 'function': truncation from 'double' to 'GLfloat'
C:\Users\64272\Documents\uni\uni stuff yr 2\comp612graphics\612graphics_repos\projectstuff\animation\snowman_project\snowman_v1\Source.c(467,54): warning C4244: '=': conversion from 'double' to 'GLfloat', possible loss of data
C:\Users\64272\Documents\uni\uni stuff yr 2\comp612graphics\612graphics_repos\projectstuff\animation\snowman_project\snowman_v1\Source.c(470,54): warning C4244: '=': conversion from 'double' to 'GLfloat', possible loss of data
C:\Users\64272\Documents\uni\uni stuff yr 2\comp612graphics\612graphics_repos\projectstuff\animation\snowman_project\snowman_v1\Source.c(481,25): warning C4305: 'function': truncation from 'double' to 'GLfloat'
C:\Users\64272\Documents\uni\uni stuff yr 2\comp612graphics\612graphics_repos\projectstuff\animation\snowman_project\snowman_v1\Source.c(481,40): warning C4305: 'function': truncation from 'double' to 'GLfloat'
C:\Users\64272\Documents\uni\uni stuff yr 2\comp612graphics\612graphics_repos\projectstuff\animation\snowman_project\snowman_v1\Source.c(481,55): warning C4305: 'function': truncation from 'double' to 'GLfloat'
C:\Users\64272\Documents\uni\uni stuff yr 2\comp612graphics\612graphics_repos\projectstuff\animation\snowman_project\snowman_v1\Source.c(485,26): warning C4305: 'function': truncation from 'double' to 'GLfloat'
C:\Users\64272\Documents\uni\uni stuff yr 2\comp612graphics\612graphics_repos\projectstuff\animation\snowman_project\snowman_v1\Source.c(485,41): warning C4305: 'function': truncation from 'double' to 'GLfloat'
C:\Users\64272\Documents\uni\uni stuff yr 2\comp612graphics\612graphics_repos\projectstuff\animation\snowman_project\snowman_v1\Source.c(485,56): warning C4305: 'function': truncation from 'double' to 'GLfloat'
C:\Users\64272\Documents\uni\uni stuff yr 2\comp612graphics\612graphics_repos\projectstuff\animation\snowman_project\snowman_v1\Source.c(496,24): warning C4305: 'function': truncation from 'double' to 'GLfloat'
C:\Users\64272\Documents\uni\uni stuff yr 2\comp612graphics\612graphics_repos\projectstuff\animation\snowman_project\snowman_v1\Source.c(496,38): warning C4305: 'function': truncation from 'double' to 'GLfloat'
C:\Users\64272\Documents\uni\uni stuff yr 2\comp612graphics\612graphics_repos\projectstuff\animation\snowman_project\snowman_v1\Source.c(496,52): warning C4305: 'function': truncation from 'double' to 'GLfloat'
C:\Users\64272\Documents\uni\uni stuff yr 2\comp612graphics\612graphics_repos\projectstuff\animation\snowman_project\snowman_v1\Source.c(498,17): warning C4305: 'function': truncation from 'double' to 'GLfloat'
C:\Users\64272\Documents\uni\uni stuff yr 2\comp612graphics\612graphics_repos\projectstuff\animation\snowman_project\snowman_v1\Source.c(500,16): warning C4305: 'function': truncation from 'double' to 'GLfloat'
C:\Users\64272\Documents\uni\uni stuff yr 2\comp612graphics\612graphics_repos\projectstuff\animation\snowman_project\snowman_v1\Source.c(502,16): warning C4305: 'function': truncation from 'double' to 'GLfloat'
C:\Users\64272\Documents\uni\uni stuff yr 2\comp612graphics\612graphics_repos\projectstuff\animation\snowman_project\snowman_v1\Source.c(504,17): warning C4305: 'function': truncation from 'double' to 'GLfloat'
C:\Users\64272\Documents\uni\uni stuff yr 2\comp612graphics\612graphics_repos\projectstuff\animation\snowman_project\snowman_v1\Source.c(511,24): warning C4305: 'function': truncation from 'double' to 'GLfloat'
C:\Users\64272\Documents\uni\uni stuff yr 2\comp612graphics\612graphics_repos\projectstuff\animation\snowman_project\snowman_v1\Source.c(511,39): warning C4305: 'function': truncation from 'double' to 'GLfloat'
C:\Users\64272\Documents\uni\uni stuff yr 2\comp612graphics\612graphics_repos\projectstuff\animation\snowman_project\snowman_v1\Source.c(511,53): warning C4305: 'function': truncation from 'double' to 'GLfloat'
C:\Users\64272\Documents\uni\uni stuff yr 2\comp612graphics\612graphics_repos\projectstuff\animation\snowman_project\snowman_v1\Source.c(513,17): warning C4305: 'function': truncation from 'double' to 'GLfloat'
C:\Users\64272\Documents\uni\uni stuff yr 2\comp612graphics\612graphics_repos\projectstuff\animation\snowman_project\snowman_v1\Source.c(515,16): warning C4305: 'function': truncation from 'double' to 'GLfloat'
C:\Users\64272\Documents\uni\uni stuff yr 2\comp612graphics\612graphics_repos\projectstuff\animation\snowman_project\snowman_v1\Source.c(536,18): warning C4305: 'function': truncation from 'double' to 'GLfloat'
C:\Users\64272\Documents\uni\uni stuff yr 2\comp612graphics\612graphics_repos\projectstuff\animation\snowman_project\snowman_v1\Source.c(536,31): warning C4305: 'function': truncation from 'double' to 'float'
C:\Users\64272\Documents\uni\uni stuff yr 2\comp612graphics\612graphics_repos\projectstuff\animation\snowman_project\snowman_v1\Source.c(538,19): warning C4305: 'function': truncation from 'double' to 'GLfloat'
C:\Users\64272\Documents\uni\uni stuff yr 2\comp612graphics\612graphics_repos\projectstuff\animation\snowman_project\snowman_v1\Source.c(538,24): warning C4305: 'function': truncation from 'double' to 'GLfloat'
C:\Users\64272\Documents\uni\uni stuff yr 2\comp612graphics\612graphics_repos\projectstuff\animation\snowman_project\snowman_v1\Source.c(538,31): warning C4305: 'function': truncation from 'double' to 'float'
C:\Users\64272\Documents\uni\uni stuff yr 2\comp612graphics\612graphics_repos\projectstuff\animation\snowman_project\snowman_v1\Source.c(540,21): warning C4305: 'function': truncation from 'double' to 'GLfloat'
C:\Users\64272\Documents\uni\uni stuff yr 2\comp612graphics\612graphics_repos\projectstuff\animation\snowman_project\snowman_v1\Source.c(540,26): warning C4305: 'function': truncation from 'double' to 'float'
C:\Users\64272\Documents\uni\uni stuff yr 2\comp612graphics\612graphics_repos\projectstuff\animation\snowman_project\snowman_v1\Source.c(542,16): warning C4305: 'function': truncation from 'double' to 'GLfloat'
C:\Users\64272\Documents\uni\uni stuff yr 2\comp612graphics\612graphics_repos\projectstuff\animation\snowman_project\snowman_v1\Source.c(542,22): warning C4305: 'function': truncation from 'double' to 'GLfloat'
C:\Users\64272\Documents\uni\uni stuff yr 2\comp612graphics\612graphics_repos\projectstuff\animation\snowman_project\snowman_v1\Source.c(542,29): warning C4305: 'function': truncation from 'double' to 'float'
C:\Users\64272\Documents\uni\uni stuff yr 2\comp612graphics\612graphics_repos\projectstuff\animation\snowman_project\snowman_v1\Source.c(544,25): warning C4305: 'function': truncation from 'double' to 'GLfloat'
C:\Users\64272\Documents\uni\uni stuff yr 2\comp612graphics\612graphics_repos\projectstuff\animation\snowman_project\snowman_v1\Source.c(544,32): warning C4305: 'function': truncation from 'double' to 'float'
C:\Users\64272\Documents\uni\uni stuff yr 2\comp612graphics\612graphics_repos\projectstuff\animation\snowman_project\snowman_v1\Source.c(549,21): warning C4305: 'function': truncation from 'double' to 'GLfloat'
C:\Users\64272\Documents\uni\uni stuff yr 2\comp612graphics\612graphics_repos\projectstuff\animation\snowman_project\snowman_v1\Source.c(549,28): warning C4305: 'function': truncation from 'double' to 'float'
C:\Users\64272\Documents\uni\uni stuff yr 2\comp612graphics\612graphics_repos\projectstuff\animation\snowman_project\snowman_v1\Source.c(554,21): warning C4305: 'function': truncation from 'double' to 'GLfloat'
C:\Users\64272\Documents\uni\uni stuff yr 2\comp612graphics\612graphics_repos\projectstuff\animation\snowman_project\snowman_v1\Source.c(554,27): warning C4305: 'function': truncation from 'double' to 'float'
C:\Users\64272\Documents\uni\uni stuff yr 2\comp612graphics\612graphics_repos\projectstuff\animation\snowman_project\snowman_v1\Source.c(563,17): warning C4305: 'function': truncation from 'double' to 'GLfloat'
C:\Users\64272\Documents\uni\uni stuff yr 2\comp612graphics\612graphics_repos\projectstuff\animation\snowman_project\snowman_v1\Source.c(563,23): warning C4305: 'function': truncation from 'double' to 'GLfloat'
C:\Users\64272\Documents\uni\uni stuff yr 2\comp612graphics\612graphics_repos\projectstuff\animation\snowman_project\snowman_v1\Source.c(565,16): warning C4305: 'function': truncation from 'double' to 'GLfloat'
C:\Users\64272\Documents\uni\uni stuff yr 2\comp612graphics\612graphics_repos\projectstuff\animation\snowman_project\snowman_v1\Source.c(565,22): warning C4305: 'function': truncation from 'double' to 'GLfloat'
C:\Users\64272\Documents\uni\uni stuff yr 2\comp612graphics\612graphics_repos\projectstuff\animation\snowman_project\snowman_v1\Source.c(573,18): warning C4305: 'function': truncation from 'double' to 'GLfloat'
C:\Users\64272\Documents\uni\uni stuff yr 2\comp612graphics\612graphics_repos\projectstuff\animation\snowman_project\snowman_v1\Source.c(573,24): warning C4305: 'function': truncation from 'double' to 'GLfloat'
C:\Users\64272\Documents\uni\uni stuff yr 2\comp612graphics\612graphics_repos\projectstuff\animation\snowman_project\snowman_v1\Source.c(575,17): warning C4305: 'function': truncation from 'double' to 'GLfloat'
C:\Users\64272\Documents\uni\uni stuff yr 2\comp612graphics\612graphics_repos\projectstuff\animation\snowman_project\snowman_v1\Source.c(575,23): warning C4305: 'function': truncation from 'double' to 'GLfloat'
C:\Users\64272\Documents\uni\uni stuff yr 2\comp612graphics\612graphics_repos\projectstuff\animation\snowman_project\snowman_v1\Source.c(577,17): warning C4305: 'function': truncation from 'double' to 'GLfloat'
C:\Users\64272\Documents\uni\uni stuff yr 2\comp612graphics\612graphics_repos\projectstuff\animation\snowman_project\snowman_v1\Source.c(577,23): warning C4305: 'function': truncation from 'double' to 'GLfloat'
C:\Users\64272\Documents\uni\uni stuff yr 2\comp612graphics\612graphics_repos\projectstuff\animation\snowman_project\snowman_v1\Source.c(579,18): warning C4305: 'function': truncation from 'double' to 'GLfloat'
C:\Users\64272\Documents\uni\uni stuff yr 2\comp612graphics\612graphics_repos\projectstuff\animation\snowman_project\snowman_v1\Source.c(579,24): warning C4305: 'function': truncation from 'double' to 'GLfloat'
C:\Users\64272\Documents\uni\uni stuff yr 2\comp612graphics\612graphics_repos\projectstuff\animation\snowman_project\snowman_v1\Source.c(591,25): warning C4305: 'function': truncation from 'double' to 'GLfloat'
C:\Users\64272\Documents\uni\uni stuff yr 2\comp612graphics\612graphics_repos\projectstuff\animation\snowman_project\snowman_v1\Source.c(591,39): warning C4305: 'function': truncation from 'double' to 'GLfloat'
C:\Users\64272\Documents\uni\uni stuff yr 2\comp612graphics\612graphics_repos\projectstuff\animation\snowman_project\snowman_v1\Source.c(591,53): warning C4305: 'function': truncation from 'double' to 'GLfloat'
C:\Users\64272\Documents\uni\uni stuff yr 2\comp612graphics\612graphics_repos\projectstuff\animation\snowman_project\snowman_v1\Source.c(592,18): warning C4305: 'function': truncation from 'double' to 'GLfloat'
C:\Users\64272\Documents\uni\uni stuff yr 2\comp612graphics\612graphics_repos\projectstuff\animation\snowman_project\snowman_v1\Source.c(592,24): warning C4305: 'function': truncation from 'double' to 'GLfloat'
C:\Users\64272\Documents\uni\uni stuff yr 2\comp612graphics\612graphics_repos\projectstuff\animation\snowman_project\snowman_v1\Source.c(594,25): warning C4305: 'function': truncation from 'double' to 'GLfloat'
C:\Users\64272\Documents\uni\uni stuff yr 2\comp612graphics\612graphics_repos\projectstuff\animation\snowman_project\snowman_v1\Source.c(594,40): warning C4305: 'function': truncation from 'double' to 'GLfloat'
C:\Users\64272\Documents\uni\uni stuff yr 2\comp612graphics\612graphics_repos\projectstuff\animation\snowman_project\snowman_v1\Source.c(594,54): warning C4305: 'function': truncation from 'double' to 'GLfloat'
C:\Users\64272\Documents\uni\uni stuff yr 2\comp612graphics\612graphics_repos\projectstuff\animation\snowman_project\snowman_v1\Source.c(595,17): warning C4305: 'function': truncation from 'double' to 'GLfloat'
C:\Users\64272\Documents\uni\uni stuff yr 2\comp612graphics\612graphics_repos\projectstuff\animation\snowman_project\snowman_v1\Source.c(595,24): warning C4305: 'function': truncation from 'double' to 'GLfloat'
C:\Users\64272\Documents\uni\uni stuff yr 2\comp612graphics\612graphics_repos\projectstuff\animation\snowman_project\snowman_v1\Source.c(598,18): warning C4305: 'function': truncation from 'double' to 'GLfloat'
C:\Users\64272\Documents\uni\uni stuff yr 2\comp612graphics\612graphics_repos\projectstuff\animation\snowman_project\snowman_v1\Source.c(598,24): warning C4305: 'function': truncation from 'double' to 'GLfloat'
C:\Users\64272\Documents\uni\uni stuff yr 2\comp612graphics\612graphics_repos\projectstuff\animation\snowman_project\snowman_v1\Source.c(599,18): warning C4305: 'function': truncation from 'double' to 'GLfloat'
C:\Users\64272\Documents\uni\uni stuff yr 2\comp612graphics\612graphics_repos\projectstuff\animation\snowman_project\snowman_v1\Source.c(599,25): warning C4305: 'function': truncation from 'double' to 'GLfloat'
C:\Users\64272\Documents\uni\uni stuff yr 2\comp612graphics\612graphics_repos\projectstuff\animation\snowman_project\snowman_v1\Source.c(602,18): warning C4305: 'function': truncation from 'double' to 'GLfloat'
C:\Users\64272\Documents\uni\uni stuff yr 2\comp612graphics\612graphics_repos\projectstuff\animation\snowman_project\snowman_v1\Source.c(602,24): warning C4305: 'function': truncation from 'double' to 'GLfloat'
C:\Users\64272\Documents\uni\uni stuff yr 2\comp612graphics\612graphics_repos\projectstuff\animation\snowman_project\snowman_v1\Source.c(603,18): warning C4305: 'function': truncation from 'double' to 'GLfloat'
C:\Users\64272\Documents\uni\uni stuff yr 2\comp612graphics\612graphics_repos\projectstuff\animation\snowman_project\snowman_v1\Source.c(603,24): warning C4305: 'function': truncation from 'double' to 'GLfloat'
C:\Users\64272\Documents\uni\uni stuff yr 2\comp612graphics\612graphics_repos\projectstuff\animation\snowman_project\snowman_v1\Source.c(606,18): warning C4305: 'function': truncation from 'double' to 'GLfloat'
C:\Users\64272\Documents\uni\uni stuff yr 2\comp612graphics\612graphics_repos\projectstuff\animation\snowman_project\snowman_v1\Source.c(606,25): warning C4305: 'function': truncation from 'double' to 'GLfloat'
C:\Users\64272\Documents\uni\uni stuff yr 2\comp612graphics\612graphics_repos\projectstuff\animation\snowman_project\snowman_v1\Source.c(607,25): warning C4305: 'function': truncation from 'double' to 'GLfloat'
C:\Users\64272\Documents\uni\uni stuff yr 2\comp612graphics\612graphics_repos\projectstuff\animation\snowman_project\snowman_v1\Source.c(618,25): warning C4305: 'function': truncation from 'double' to 'GLfloat'
C:\Users\64272\Documents\uni\uni stuff yr 2\comp612graphics\612graphics_repos\projectstuff\animation\snowman_project\snowman_v1\Source.c(618,39): warning C4305: 'function': truncation from 'double' to 'GLfloat'
C:\Users\64272\Documents\uni\uni stuff yr 2\comp612graphics\612graphics_repos\projectstuff\animation\snowman_project\snowman_v1\Source.c(618,53): warning C4305: 'function': truncation from 'double' to 'GLfloat'
C:\Users\64272\Documents\uni\uni stuff yr 2\comp612graphics\612graphics_repos\projectstuff\animation\snowman_project\snowman_v1\Source.c(619,17): warning C4305: 'function': truncation from 'double' to 'GLfloat'
C:\Users\64272\Documents\uni\uni stuff yr 2\comp612graphics\612graphics_repos\projectstuff\animation\snowman_project\snowman_v1\Source.c(619,23): warning C4305: 'function': truncation from 'double' to 'GLfloat'
C:\Users\64272\Documents\uni\uni stuff yr 2\comp612graphics\612graphics_repos\projectstuff\animation\snowman_project\snowman_v1\Source.c(621,25): warning C4305: 'function': truncation from 'double' to 'GLfloat'
C:\Users\64272\Documents\uni\uni stuff yr 2\comp612graphics\612graphics_repos\projectstuff\animation\snowman_project\snowman_v1\Source.c(621,40): warning C4305: 'function': truncation from 'double' to 'GLfloat'
C:\Users\64272\Documents\uni\uni stuff yr 2\comp612graphics\612graphics_repos\projectstuff\animation\snowman_project\snowman_v1\Source.c(621,54): warning C4305: 'function': truncation from 'double' to 'GLfloat'
C:\Users\64272\Documents\uni\uni stuff yr 2\comp612graphics\612graphics_repos\projectstuff\animation\snowman_project\snowman_v1\Source.c(622,16): warning C4305: 'function': truncation from 'double' to 'GLfloat'
C:\Users\64272\Documents\uni\uni stuff yr 2\comp612graphics\612graphics_repos\projectstuff\animation\snowman_project\snowman_v1\Source.c(622,23): warning C4305: 'function': truncation from 'double' to 'GLfloat'
C:\Users\64272\Documents\uni\uni stuff yr 2\comp612graphics\612graphics_repos\projectstuff\animation\snowman_project\snowman_v1\Source.c(630,16): warning C4305: 'function': truncation from 'double' to 'GLfloat'
C:\Users\64272\Documents\uni\uni stuff yr 2\comp612graphics\612graphics_repos\projectstuff\animation\snowman_project\snowman_v1\Source.c(630,23): warning C4305: 'function': truncation from 'double' to 'GLfloat'
C:\Users\64272\Documents\uni\uni stuff yr 2\comp612graphics\612graphics_repos\projectstuff\animation\snowman_project\snowman_v1\Source.c(632,17): warning C4305: 'function': truncation from 'double' to 'GLfloat'
C:\Users\64272\Documents\uni\uni stuff yr 2\comp612graphics\612graphics_repos\projectstuff\animation\snowman_project\snowman_v1\Source.c(632,24): warning C4305: 'function': truncation from 'double' to 'GLfloat'
C:\Users\64272\Documents\uni\uni stuff yr 2\comp612graphics\612graphics_repos\projectstuff\animation\snowman_project\snowman_v1\Source.c(634,17): warning C4305: 'function': truncation from 'double' to 'GLfloat'
C:\Users\64272\Documents\uni\uni stuff yr 2\comp612graphics\612graphics_repos\projectstuff\animation\snowman_project\snowman_v1\Source.c(634,24): warning C4305: 'function': truncation from 'double' to 'GLfloat'
C:\Users\64272\Documents\uni\uni stuff yr 2\comp612graphics\612graphics_repos\projectstuff\animation\snowman_project\snowman_v1\Source.c(636,17): warning C4305: 'function': truncation from 'double' to 'GLfloat'
C:\Users\64272\Documents\uni\uni stuff yr 2\comp612graphics\612graphics_repos\projectstuff\animation\snowman_project\snowman_v1\Source.c(636,23): warning C4305: 'function': truncation from 'double' to 'GLfloat'
C:\Users\64272\Documents\uni\uni stuff yr 2\comp612graphics\612graphics_repos\projectstuff\animation\snowman_project\snowman_v1\Source.c(638,17): warning C4305: 'function': truncation from 'double' to 'GLfloat'
C:\Users\64272\Documents\uni\uni stuff yr 2\comp612graphics\612graphics_repos\projectstuff\animation\snowman_project\snowman_v1\Source.c(638,24): warning C4305: 'function': truncation from 'double' to 'GLfloat'
C:\Users\64272\Documents\uni\uni stuff yr 2\comp612graphics\612graphics_repos\projectstuff\animation\snowman_project\snowman_v1\Source.c(650,25): warning C4305: 'function': truncation from 'double' to 'GLfloat'
C:\Users\64272\Documents\uni\uni stuff yr 2\comp612graphics\612graphics_repos\projectstuff\animation\snowman_project\snowman_v1\Source.c(650,40): warning C4305: 'function': truncation from 'double' to 'GLfloat'
C:\Users\64272\Documents\uni\uni stuff yr 2\comp612graphics\612graphics_repos\projectstuff\animation\snowman_project\snowman_v1\Source.c(650,54): warning C4305: 'function': truncation from 'double' to 'GLfloat'
C:\Users\64272\Documents\uni\uni stuff yr 2\comp612graphics\612graphics_repos\projectstuff\animation\snowman_project\snowman_v1\Source.c(654,25): warning C4305: 'function': truncation from 'double' to 'GLfloat'
C:\Users\64272\Documents\uni\uni stuff yr 2\comp612graphics\612graphics_repos\projectstuff\animation\snowman_project\snowman_v1\Source.c(654,39): warning C4305: 'function': truncation from 'double' to 'GLfloat'
C:\Users\64272\Documents\uni\uni stuff yr 2\comp612graphics\612graphics_repos\projectstuff\animation\snowman_project\snowman_v1\Source.c(654,53): warning C4305: 'function': truncation from 'double' to 'GLfloat'
C:\Users\64272\Documents\uni\uni stuff yr 2\comp612graphics\612graphics_repos\projectstuff\animation\snowman_project\snowman_v1\Source.c(655,19): warning C4305: 'function': truncation from 'double' to 'GLfloat'
C:\Users\64272\Documents\uni\uni stuff yr 2\comp612graphics\612graphics_repos\projectstuff\animation\snowman_project\snowman_v1\Source.c(657,25): warning C4305: 'function': truncation from 'double' to 'GLfloat'
C:\Users\64272\Documents\uni\uni stuff yr 2\comp612graphics\612graphics_repos\projectstuff\animation\snowman_project\snowman_v1\Source.c(657,40): warning C4305: 'function': truncation from 'double' to 'GLfloat'
C:\Users\64272\Documents\uni\uni stuff yr 2\comp612graphics\612graphics_repos\projectstuff\animation\snowman_project\snowman_v1\Source.c(657,54): warning C4305: 'function': truncation from 'double' to 'GLfloat'
C:\Users\64272\Documents\uni\uni stuff yr 2\comp612graphics\612graphics_repos\projectstuff\animation\snowman_project\snowman_v1\Source.c(658,19): warning C4305: 'function': truncation from 'double' to 'GLfloat'
C:\Users\64272\Documents\uni\uni stuff yr 2\comp612graphics\612graphics_repos\projectstuff\animation\snowman_project\snowman_v1\Source.c(658,25): warning C4305: 'function': truncation from 'double' to 'GLfloat'
C:\Users\64272\Documents\uni\uni stuff yr 2\comp612graphics\612graphics_repos\projectstuff\animation\snowman_project\snowman_v1\Source.c(662,25): warning C4305: 'function': truncation from 'double' to 'GLfloat'
C:\Users\64272\Documents\uni\uni stuff yr 2\comp612graphics\612graphics_repos\projectstuff\animation\snowman_project\snowman_v1\Source.c(662,39): warning C4305: 'function': truncation from 'double' to 'GLfloat'
C:\Users\64272\Documents\uni\uni stuff yr 2\comp612graphics\612graphics_repos\projectstuff\animation\snowman_project\snowman_v1\Source.c(662,53): warning C4305: 'function': truncation from 'double' to 'GLfloat'
C:\Users\64272\Documents\uni\uni stuff yr 2\comp612graphics\612graphics_repos\projectstuff\animation\snowman_project\snowman_v1\Source.c(663,18): warning C4305: 'function': truncation from 'double' to 'GLfloat'
C:\Users\64272\Documents\uni\uni stuff yr 2\comp612graphics\612graphics_repos\projectstuff\animation\snowman_project\snowman_v1\Source.c(665,25): warning C4305: 'function': truncation from 'double' to 'GLfloat'
C:\Users\64272\Documents\uni\uni stuff yr 2\comp612graphics\612graphics_repos\projectstuff\animation\snowman_project\snowman_v1\Source.c(665,40): warning C4305: 'function': truncation from 'double' to 'GLfloat'
C:\Users\64272\Documents\uni\uni stuff yr 2\comp612graphics\612graphics_repos\projectstuff\animation\snowman_project\snowman_v1\Source.c(665,54): warning C4305: 'function': truncation from 'double' to 'GLfloat'
C:\Users\64272\Documents\uni\uni stuff yr 2\comp612graphics\612graphics_repos\projectstuff\animation\snowman_project\snowman_v1\Source.c(666,18): warning C4305: 'function': truncation from 'double' to 'GLfloat'
C:\Users\64272\Documents\uni\uni stuff yr 2\comp612graphics\612graphics_repos\projectstuff\animation\snowman_project\snowman_v1\Source.c(666,24): warning C4305: 'function': truncation from 'double' to 'GLfloat'
C:\Users\64272\Documents\uni\uni stuff yr 2\comp612graphics\612graphics_repos\projectstuff\animation\snowman_project\snowman_v1\Source.c(669,19): warning C4305: 'function': truncation from 'double' to 'GLfloat'
C:\Users\64272\Documents\uni\uni stuff yr 2\comp612graphics\612graphics_repos\projectstuff\animation\snowman_project\snowman_v1\Source.c(669,25): warning C4305: 'function': truncation from 'double' to 'GLfloat'
C:\Users\64272\Documents\uni\uni stuff yr 2\comp612graphics\612graphics_repos\projectstuff\animation\snowman_project\snowman_v1\Source.c(670,17): warning C4305: 'function': truncation from 'double' to 'GLfloat'
C:\Users\64272\Documents\uni\uni stuff yr 2\comp612graphics\612graphics_repos\projectstuff\animation\snowman_project\snowman_v1\Source.c(670,24): warning C4305: 'function': truncation from 'double' to 'GLfloat'
C:\Users\64272\Documents\uni\uni stuff yr 2\comp612graphics\612graphics_repos\projectstuff\animation\snowman_project\snowman_v1\Source.c(673,18): warning C4305: 'function': truncation from 'double' to 'GLfloat'
C:\Users\64272\Documents\uni\uni stuff yr 2\comp612graphics\612graphics_repos\projectstuff\animation\snowman_project\snowman_v1\Source.c(673,24): warning C4305: 'function': truncation from 'double' to 'GLfloat'
C:\Users\64272\Documents\uni\uni stuff yr 2\comp612graphics\612graphics_repos\projectstuff\animation\snowman_project\snowman_v1\Source.c(674,16): warning C4305: 'function': truncation from 'double' to 'GLfloat'
C:\Users\64272\Documents\uni\uni stuff yr 2\comp612graphics\612graphics_repos\projectstuff\animation\snowman_project\snowman_v1\Source.c(674,23): warning C4305: 'function': truncation from 'double' to 'GLfloat'
C:\Users\64272\Documents\uni\uni stuff yr 2\comp612graphics\612graphics_repos\projectstuff\animation\snowman_project\snowman_v1\Source.c(687,38): warning C4244: 'initializing': conversion from 'double' to 'float', possible loss of data
C:\Users\64272\Documents\uni\uni stuff yr 2\comp612graphics\612graphics_repos\projectstuff\animation\snowman_project\snowman_v1\Source.c(688,38): warning C4244: 'initializing': conversion from 'double' to 'float', possible loss of data
C:\Users\64272\Documents\uni\uni stuff yr 2\comp612graphics\612graphics_repos\projectstuff\animation\snowman_project\snowman_v1\Source.c(696,25): warning C4305: 'function': truncation from 'double' to 'GLfloat'
C:\Users\64272\Documents\uni\uni stuff yr 2\comp612graphics\612graphics_repos\projectstuff\animation\snowman_project\snowman_v1\Source.c(696,40): warning C4305: 'function': truncation from 'double' to 'GLfloat'
C:\Users\64272\Documents\uni\uni stuff yr 2\comp612graphics\612graphics_repos\projectstuff\animation\snowman_project\snowman_v1\Source.c(696,54): warning C4305: 'function': truncation from 'double' to 'GLfloat'
C:\Users\64272\Documents\uni\uni stuff yr 2\comp612graphics\612graphics_repos\projectstuff\animation\snowman_project\snowman_v1\Source.c(697,18): warning C4305: 'function': truncation from 'double' to 'GLfloat'
C:\Users\64272\Documents\uni\uni stuff yr 2\comp612graphics\612graphics_repos\projectstuff\animation\snowman_project\snowman_v1\Source.c(697,23): warning C4305: 'function': truncation from 'double' to 'GLfloat'
C:\Users\64272\Documents\uni\uni stuff yr 2\comp612graphics\612graphics_repos\projectstuff\animation\snowman_project\snowman_v1\Source.c(697,29): warning C4305: 'function': truncation from 'double' to 'float'
C:\Users\64272\Documents\uni\uni stuff yr 2\comp612graphics\612graphics_repos\projectstuff\animation\snowman_project\snowman_v1\Source.c(705,25): warning C4305: 'function': truncation from 'double' to 'GLfloat'
C:\Users\64272\Documents\uni\uni stuff yr 2\comp612graphics\612graphics_repos\projectstuff\animation\snowman_project\snowman_v1\Source.c(705,40): warning C4305: 'function': truncation from 'double' to 'GLfloat'
C:\Users\64272\Documents\uni\uni stuff yr 2\comp612graphics\612graphics_repos\projectstuff\animation\snowman_project\snowman_v1\Source.c(705,55): warning C4305: 'function': truncation from 'double' to 'GLfloat'
C:\Users\64272\Documents\uni\uni stuff yr 2\comp612graphics\612graphics_repos\projectstuff\animation\snowman_project\snowman_v1\Source.c(706,21): warning C4305: 'function': truncation from 'double' to 'GLfloat'
C:\Users\64272\Documents\uni\uni stuff yr 2\comp612graphics\612graphics_repos\projectstuff\animation\snowman_project\snowman_v1\Source.c(711,26): warning C4305: 'function': truncation from 'double' to 'GLfloat'
C:\Users\64272\Documents\uni\uni stuff yr 2\comp612graphics\612graphics_repos\projectstuff\animation\snowman_project\snowman_v1\Source.c(711,41): warning C4305: 'function': truncation from 'double' to 'GLfloat'
C:\Users\64272\Documents\uni\uni stuff yr 2\comp612graphics\612graphics_repos\projectstuff\animation\snowman_project\snowman_v1\Source.c(711,55): warning C4305: 'function': truncation from 'double' to 'GLfloat'
C:\Users\64272\Documents\uni\uni stuff yr 2\comp612graphics\612graphics_repos\projectstuff\animation\snowman_project\snowman_v1\Source.c(713,24): warning C4244: 'initializing': conversion from 'double' to 'float', possible loss of data
C:\Users\64272\Documents\uni\uni stuff yr 2\comp612graphics\612graphics_repos\projectstuff\animation\snowman_project\snowman_v1\Source.c(714,33): warning C4244: 'initializing': conversion from 'double' to 'float', possible loss of data
  snowman_v1.vcxproj -> C:\Users\64272\Documents\uni\uni stuff yr 2\comp612graphics\612graphics_repos\projectstuff\animation\snowman_project\snowman_v1\Debug\snowman_v1.exe
  C:\Users\64272\Documents\uni\uni stuff yr 2\comp612graphics\612graphics_repos\projectstuff\animation\snowman_project\snowman_v1\freeglut\bin\freeglut.dll
  1 File(s) copied
